2023-08-19 17:57:21,001  INFO [main] BaseTest:67 - Browser is: Abc
2023-08-19 17:57:25,369  WARN [main] BaseTest:100 - Connecting with Chrome Browser
2023-08-19 17:57:25,370  INFO [main] BaseTest:101 - Current Thread ID:Thread[main,5,main]
2023-08-19 18:08:11,976  INFO [main] BaseTest:67 - Browser is: Abc
2023-08-19 18:08:16,136  WARN [main] BaseTest:100 - Connecting with Chrome Browser
2023-08-19 18:08:16,138  INFO [main] BaseTest:101 - Current Thread ID:Thread[main,5,main]
2023-08-19 18:20:01,159  INFO [main] BaseTest:67 - Browser is: Abc
2023-08-19 18:20:05,744  WARN [main] BaseTest:100 - Connecting with Chrome Browser
2023-08-19 18:20:05,747  INFO [main] BaseTest:101 - Current Thread ID:Thread[main,5,main]
2023-08-19 18:35:03,725  INFO [main] BaseTest:67 - Browser is: Abc
2023-08-19 18:35:05,227  WARN [main] BaseTest:100 - Connecting with Chrome Browser
2023-08-19 18:35:05,228  INFO [main] BaseTest:101 - Current Thread ID:Thread[main,5,main]
2023-08-19 23:30:19,328  INFO [main] BaseTest:80 - Browser is: Abc
2023-08-19 23:30:21,278  WARN [main] BaseTest:113 - Connecting with Chrome Browser
2023-08-19 23:30:21,278  INFO [main] BaseTest:114 - Current Thread ID:Thread[main,5,main]
2023-12-21 03:29:34,831 ERROR [main] DbAccess:35 - Database connectivity has been failed
2023-12-21 03:35:06,998 ERROR [main] DbAccess:35 - Database connectivity has been failed
2023-12-21 03:47:24,430 ERROR [main] DbAccess:35 - Database connectivity has been failed
2023-12-21 03:50:20,725 ERROR [main] DbAccess:35 - Database connectivity has been failed
2023-12-21 18:11:58,020  INFO [main] CommonUtil:99 - Object for Document is not null
2023-12-21 18:12:09,896  INFO [main] CommonUtil:99 - Object for Document is not null
2023-12-21 18:12:23,316  INFO [main] CommonUtil:99 - Object for Document is not null
2023-12-21 18:13:07,272  INFO [main] CommonUtil:99 - Object for Document is not null
2023-12-21 18:13:41,880  INFO [main] CommonUtil:99 - Object for Document is not null
2023-12-21 18:14:01,547  INFO [main] CommonUtil:99 - Object for Document is not null
2023-12-21 18:15:25,172  INFO [main] CommonUtil:99 - Object for Document is not null
2023-12-21 18:15:37,295  INFO [main] CommonUtil:99 - Object for Document is not null
2023-12-21 18:16:32,997  INFO [main] CommonUtil:99 - Object for Document is not null
2023-12-21 18:16:52,231  INFO [main] CommonUtil:99 - Object for Document is not null
2023-12-21 18:20:37,425  INFO [main] CommonUtil:99 - Object for Document is not null
2023-12-21 18:21:32,582  INFO [main] CommonUtil:99 - Object for Document is not null
2023-12-21 18:24:25,349  INFO [main] CommonUtil:99 - Object for Document is not null
2023-12-21 18:29:18,775  INFO [main] CommonUtil:99 - Object for Document is not null
2023-12-21 18:30:49,311  INFO [main] CommonUtil:99 - Object for Document is not null
2023-12-21 18:33:18,436  INFO [main] CommonUtil:98 - Object for Document is not null
2023-12-21 18:34:09,881  INFO [main] CommonUtil:98 - Object for Document is not null
2023-12-22 00:53:23,153  INFO [main] DbAccess:58 - Data has been retrieved from database.
2023-12-22 00:56:25,486  INFO [main] DbAccess:58 - Data has been retrieved from database.
2023-12-22 00:57:16,860  INFO [main] DbAccess:58 - Data has been retrieved from database.
2023-12-22 01:04:16,425  INFO [main] DbAccess:58 - Data has been retrieved from database.
2023-12-22 01:13:57,450  INFO [main] DbAccess:58 - Data has been retrieved from database.
2023-12-22 01:16:24,247  INFO [main] DbAccess:58 - Data has been retrieved from database.
2023-12-22 01:16:46,738  INFO [main] DbAccess:58 - Data has been retrieved from database.
